c:\users\j suarez\source\repos\project1\x64\debug\vc142.pdb
c:\users\j suarez\source\repos\project1\x64\debug\vc142.idb
c:\users\j suarez\source\repos\project1\x64\debug\source.obj
c:\users\j suarez\source\repos\project1\x64\debug\window.obj
c:\users\j suarez\source\repos\project1\x64\debug\board.obj
c:\users\j suarez\source\repos\project1\x64\debug\game.obj
c:\users\j suarez\source\repos\project1\x64\debug\main.obj
c:\users\j suarez\source\repos\project1\x64\debug\piece.obj
c:\users\j suarez\source\repos\project1\x64\debug\suarezbautista_josemanuel_p3.obj
c:\users\j suarez\source\repos\project1\x64\debug\window2.obj
c:\users\j suarez\source\repos\project1\x64\debug\main2.obj
c:\users\j suarez\source\repos\project1\x64\debug\project1.exe
c:\users\j suarez\source\repos\project1\x64\debug\project1.ilk
c:\users\j suarez\source\repos\project1\x64\debug\project1.pdb
c:\users\j suarez\source\repos\project1\x64\debug\board.obj.enc
c:\users\j suarez\source\repos\project1\x64\debug\project1.tlog\cl.command.1.tlog
c:\users\j suarez\source\repos\project1\x64\debug\project1.tlog\cl.read.1.tlog
c:\users\j suarez\source\repos\project1\x64\debug\project1.tlog\cl.write.1.tlog
c:\users\j suarez\source\repos\project1\x64\debug\project1.tlog\link.command.1.tlog
c:\users\j suarez\source\repos\project1\x64\debug\project1.tlog\link.read.1.tlog
c:\users\j suarez\source\repos\project1\x64\debug\project1.tlog\link.write.1.tlog
